app/build/intermediates/manifest_merge_blame_file/debug/manifest-merger-blame-debug-report.txt
1<?xml version="1.0" encoding="utf-8"?>
2<manifest xmlns:android="http://schemas.android.com/apk/res/android"
3    package="com.shrine.launcher"
4    android:versionCode="47"
5    android:versionName="0.9.28" >
6
7    <uses-sdk
8        android:minSdkVersion="22"
9        android:targetSdkVersion="34" />
10
11    <uses-permission android:name="android.permission.INTERNET" />
11-->src/main/AndroidManifest.xml:5:5-67
11-->src/main/AndroidManifest.xml:5:22-64
12    <uses-permission android:name="android.permission.REQUEST_INSTALL_PACKAGES" />
12-->src/main/AndroidManifest.xml:6:5-83
12-->src/main/AndroidManifest.xml:6:22-80
13    <uses-permission android:name="android.permission.READ_EXTERNAL_STORAGE" />
13-->src/main/AndroidManifest.xml:7:5-80
13-->src/main/AndroidManifest.xml:7:22-77
14    <uses-permission android:name="android.permission.RECEIVE_BOOT_COMPLETED" />
14-->src/main/AndroidManifest.xml:8:5-81
14-->src/main/AndroidManifest.xml:8:22-78
15    <!-- Granted via ADB: adb shell pm grant com.shrine.launcher android.permission.WRITE_SECURE_SETTINGS -->
16    <!-- Required for Force Stop functionality in the app context menu -->
17    <uses-permission android:name="android.permission.WRITE_SECURE_SETTINGS" />
17-->src/main/AndroidManifest.xml:11:5-80
17-->src/main/AndroidManifest.xml:11:22-77
18    <uses-permission android:name="android.permission.QUERY_ALL_PACKAGES" />
18-->src/main/AndroidManifest.xml:12:5-13:52
18-->src/main/AndroidManifest.xml:12:22-74
19
20    <!-- TvContract / WatchNext permissions -->
21    <uses-permission android:name="com.android.providers.tv.permission.READ_EPG_DATA" />
21-->src/main/AndroidManifest.xml:16:5-89
21-->src/main/AndroidManifest.xml:16:22-86
22    <uses-permission android:name="android.permission.READ_TV_LISTINGS" />
22-->src/main/AndroidManifest.xml:18:5-75
22-->src/main/AndroidManifest.xml:18:22-72
23
24    <!-- Required to be treated as a launcher and get WatchNext access on Fire TV -->
25    <uses-permission android:name="android.permission.CHANGE_HDMI_CEC_ACTIVE_SOURCE" />
25-->src/main/AndroidManifest.xml:21:5-123
25-->src/main/AndroidManifest.xml:21:22-85
26
27    <uses-feature
27-->src/main/AndroidManifest.xml:23:5-90
28        android:name="android.hardware.touchscreen"
28-->src/main/AndroidManifest.xml:23:19-62
29        android:required="false" />
29-->src/main/AndroidManifest.xml:23:63-87
30    <uses-feature
30-->src/main/AndroidManifest.xml:24:5-87
31        android:name="android.software.leanback"
31-->src/main/AndroidManifest.xml:24:19-59
32        android:required="false" />
32-->src/main/AndroidManifest.xml:24:60-84
33
34    <uses-permission android:name="com.android.providers.tv.permission.WRITE_EPG_DATA" />
34-->[androidx.tvprovider:tvprovider:1.0.0] AndroidManifest.xml:22:5-90
34-->[androidx.tvprovider:tvprovider:1.0.0] AndroidManifest.xml:22:22-87
35
36    <permission
36-->[androidx.core:core:1.12.0] AndroidManifest.xml:22:5-24:47
37        android:name="com.shrine.launcher.DYNAMIC_RECEIVER_NOT_EXPORTED_PERMISSION"
37-->[androidx.core:core:1.12.0] AndroidManifest.xml:23:9-81
38        android:protectionLevel="signature" />
38-->[androidx.core:core:1.12.0] AndroidManifest.xml:24:9-44
39
40    <uses-permission android:name="com.shrine.launcher.DYNAMIC_RECEIVER_NOT_EXPORTED_PERMISSION" />
40-->[androidx.core:core:1.12.0] AndroidManifest.xml:26:5-97
40-->[androidx.core:core:1.12.0] AndroidManifest.xml:26:22-94
41
42    <application
42-->src/main/AndroidManifest.xml:26:5-85:19
43        android:allowBackup="true"
43-->src/main/AndroidManifest.xml:27:9-35
44        android:appComponentFactory="androidx.core.app.CoreComponentFactory"
44-->[androidx.core:core:1.12.0] AndroidManifest.xml:28:18-86
45        android:banner="@drawable/banner"
45-->src/main/AndroidManifest.xml:33:9-42
46        android:debuggable="true"
47        android:extractNativeLibs="true"
48        android:icon="@mipmap/ic_launcher"
48-->src/main/AndroidManifest.xml:28:9-43
49        android:label="@string/app_name"
49-->src/main/AndroidManifest.xml:29:9-41
50        android:roundIcon="@mipmap/ic_launcher_round"
50-->src/main/AndroidManifest.xml:30:9-54
51        android:supportsRtl="true"
51-->src/main/AndroidManifest.xml:31:9-35
52        android:theme="@style/Theme.ShrineLauncher" >
52-->src/main/AndroidManifest.xml:32:9-52
53        <activity
53-->src/main/AndroidManifest.xml:35:9-47:20
54            android:name="com.shrine.launcher.ui.home.HomeActivity"
54-->src/main/AndroidManifest.xml:36:13-49
55            android:configChanges="keyboard|keyboardHidden|navigation"
55-->src/main/AndroidManifest.xml:39:13-71
56            android:exported="true"
56-->src/main/AndroidManifest.xml:37:13-36
57            android:launchMode="singleTask"
57-->src/main/AndroidManifest.xml:38:13-44
58            android:windowSoftInputMode="stateUnspecified|adjustPan" >
58-->src/main/AndroidManifest.xml:40:13-69
59            <intent-filter>
59-->src/main/AndroidManifest.xml:41:13-46:29
60                <action android:name="android.intent.action.MAIN" />
60-->src/main/AndroidManifest.xml:42:17-69
60-->src/main/AndroidManifest.xml:42:25-66
61
62                <category android:name="android.intent.category.HOME" />
62-->src/main/AndroidManifest.xml:43:17-73
62-->src/main/AndroidManifest.xml:43:27-70
63                <category android:name="android.intent.category.DEFAULT" />
63-->src/main/AndroidManifest.xml:44:17-76
63-->src/main/AndroidManifest.xml:44:27-73
64                <category android:name="android.intent.category.LEANBACK_LAUNCHER" />
64-->src/main/AndroidManifest.xml:45:17-86
64-->src/main/AndroidManifest.xml:45:27-83
65            </intent-filter>
66        </activity>
67        <activity
67-->src/main/AndroidManifest.xml:49:9-50:79
68            android:name="com.shrine.launcher.ui.settings.SettingsActivity"
68-->src/main/AndroidManifest.xml:49:19-63
69            android:exported="false"
69-->src/main/AndroidManifest.xml:50:13-37
70            android:label="@string/settings_title" />
70-->src/main/AndroidManifest.xml:50:38-76
71        <activity
71-->src/main/AndroidManifest.xml:51:9-52:81
72            android:name="com.shrine.launcher.ui.settings.RowEditorActivity"
72-->src/main/AndroidManifest.xml:51:19-64
73            android:exported="false"
73-->src/main/AndroidManifest.xml:52:13-37
74            android:label="@string/row_editor_title" />
74-->src/main/AndroidManifest.xml:52:38-78
75        <activity
75-->src/main/AndroidManifest.xml:53:9-54:81
76            android:name="com.shrine.launcher.ui.settings.AppPickerActivity"
76-->src/main/AndroidManifest.xml:53:19-64
77            android:exported="false"
77-->src/main/AndroidManifest.xml:54:13-37
78            android:label="@string/app_picker_title" />
78-->src/main/AndroidManifest.xml:54:38-78
79        <activity
79-->src/main/AndroidManifest.xml:56:9-58:45
80            android:name="com.shrine.launcher.ui.installer.AppInstallerActivity"
80-->src/main/AndroidManifest.xml:56:19-68
81            android:exported="false"
81-->src/main/AndroidManifest.xml:57:13-37
82            android:label="App Installer" />
82-->src/main/AndroidManifest.xml:58:13-42
83
84        <!-- FileProvider for sharing APK files with system installer -->
85        <provider
86            android:name="androidx.core.content.FileProvider"
86-->src/main/AndroidManifest.xml:62:13-62
87            android:authorities="com.shrine.launcher.fileprovider"
87-->src/main/AndroidManifest.xml:63:13-64
88            android:exported="false"
88-->src/main/AndroidManifest.xml:64:13-37
89            android:grantUriPermissions="true" >
89-->src/main/AndroidManifest.xml:65:13-47
90            <meta-data
90-->src/main/AndroidManifest.xml:66:13-68:63
91                android:name="android.support.FILE_PROVIDER_PATHS"
91-->src/main/AndroidManifest.xml:67:17-67
92                android:resource="@xml/file_provider_paths" />
92-->src/main/AndroidManifest.xml:68:17-60
93        </provider>
94
95        <receiver
95-->src/main/AndroidManifest.xml:71:9-75:20
96            android:name="com.shrine.launcher.util.BootReceiver"
96-->src/main/AndroidManifest.xml:71:19-52
97            android:exported="true" >
97-->src/main/AndroidManifest.xml:71:53-76
98            <intent-filter android:priority="1000" >
98-->src/main/AndroidManifest.xml:72:13-74:29
98-->src/main/AndroidManifest.xml:72:28-51
99                <action android:name="android.intent.action.BOOT_COMPLETED" />
99-->src/main/AndroidManifest.xml:73:17-79
99-->src/main/AndroidManifest.xml:73:25-76
100            </intent-filter>
101        </receiver>
102
103        <!-- Handles user dismissing a program card from the home screen -->
104        <receiver
104-->src/main/AndroidManifest.xml:78:9-83:20
105            android:name="com.shrine.launcher.util.ProgramRemovedReceiver"
105-->src/main/AndroidManifest.xml:78:19-62
106            android:exported="true" >
106-->src/main/AndroidManifest.xml:78:63-86
107            <intent-filter>
107-->src/main/AndroidManifest.xml:79:13-82:29
108                <action android:name="android.media.tv.ACTION_PREVIEW_PROGRAM_BROWSABLE_DISABLED" />
108-->src/main/AndroidManifest.xml:80:17-101
108-->src/main/AndroidManifest.xml:80:25-98
109                <action android:name="android.media.tv.ACTION_WATCH_NEXT_PROGRAM_BROWSABLE_DISABLED" />
109-->src/main/AndroidManifest.xml:81:17-104
109-->src/main/AndroidManifest.xml:81:25-101
110            </intent-filter>
111        </receiver>
112
113        <provider
113-->[androidx.emoji2:emoji2:1.2.0] AndroidManifest.xml:24:9-32:20
114            android:name="androidx.startup.InitializationProvider"
114-->[androidx.emoji2:emoji2:1.2.0] AndroidManifest.xml:25:13-67
115            android:authorities="com.shrine.launcher.androidx-startup"
115-->[androidx.emoji2:emoji2:1.2.0] AndroidManifest.xml:26:13-68
116            android:exported="false" >
116-->[androidx.emoji2:emoji2:1.2.0] AndroidManifest.xml:27:13-37
117            <meta-data
117-->[androidx.emoji2:emoji2:1.2.0] AndroidManifest.xml:29:13-31:52
118                android:name="androidx.emoji2.text.EmojiCompatInitializer"
118-->[androidx.emoji2:emoji2:1.2.0] AndroidManifest.xml:30:17-75
119                android:value="androidx.startup" />
119-->[androidx.emoji2:emoji2:1.2.0] AndroidManifest.xml:31:17-49
120            <meta-data
120-->[androidx.lifecycle:lifecycle-process:2.7.0] AndroidManifest.xml:29:13-31:52
121                android:name="androidx.lifecycle.ProcessLifecycleInitializer"
121-->[androidx.lifecycle:lifecycle-process:2.7.0] AndroidManifest.xml:30:17-78
122                android:value="androidx.startup" />
122-->[androidx.lifecycle:lifecycle-process:2.7.0] AndroidManifest.xml:31:17-49
123            <meta-data
123-->[androidx.profileinstaller:profileinstaller:1.3.0] AndroidManifest.xml:29:13-31:52
124                android:name="androidx.profileinstaller.ProfileInstallerInitializer"
124-->[androidx.profileinstaller:profileinstaller:1.3.0] AndroidManifest.xml:30:17-85
125                android:value="androidx.startup" />
125-->[androidx.profileinstaller:profileinstaller:1.3.0] AndroidManifest.xml:31:17-49
126        </provider>
127
128        <uses-library
128-->[androidx.window:window:1.0.0] AndroidManifest.xml:25:9-27:40
129            android:name="androidx.window.extensions"
129-->[androidx.window:window:1.0.0] AndroidManifest.xml:26:13-54
130            android:required="false" />
130-->[androidx.window:window:1.0.0] AndroidManifest.xml:27:13-37
131        <uses-library
131-->[androidx.window:window:1.0.0] AndroidManifest.xml:28:9-30:40
132            android:name="androidx.window.sidecar"
132-->[androidx.window:window:1.0.0] AndroidManifest.xml:29:13-51
133            android:required="false" />
133-->[androidx.window:window:1.0.0] AndroidManifest.xml:30:13-37
134
135        <receiver
135-->[androidx.profileinstaller:profileinstaller:1.3.0] AndroidManifest.xml:34:9-52:20
136            android:name="androidx.profileinstaller.ProfileInstallReceiver"
136-->[androidx.profileinstaller:profileinstaller:1.3.0] AndroidManifest.xml:35:13-76
137            android:directBootAware="false"
137-->[androidx.profileinstaller:profileinstaller:1.3.0] AndroidManifest.xml:36:13-44
138            android:enabled="true"
138-->[androidx.profileinstaller:profileinstaller:1.3.0] AndroidManifest.xml:37:13-35
139            android:exported="true"
139-->[androidx.profileinstaller:profileinstaller:1.3.0] AndroidManifest.xml:38:13-36
140            android:permission="android.permission.DUMP" >
140-->[androidx.profileinstaller:profileinstaller:1.3.0] AndroidManifest.xml:39:13-57
141            <intent-filter>
141-->[androidx.profileinstaller:profileinstaller:1.3.0] AndroidManifest.xml:40:13-42:29
142                <action android:name="androidx.profileinstaller.action.INSTALL_PROFILE" />
142-->[androidx.profileinstaller:profileinstaller:1.3.0] AndroidManifest.xml:41:17-91
142-->[androidx.profileinstaller:profileinstaller:1.3.0] AndroidManifest.xml:41:25-88
143            </intent-filter>
144            <intent-filter>
144-->[androidx.profileinstaller:profileinstaller:1.3.0] AndroidManifest.xml:43:13-45:29
145                <action android:name="androidx.profileinstaller.action.SKIP_FILE" />
145-->[androidx.profileinstaller:profileinstaller:1.3.0] AndroidManifest.xml:44:17-85
145-->[androidx.profileinstaller:profileinstaller:1.3.0] AndroidManifest.xml:44:25-82
146            </intent-filter>
147            <intent-filter>
147-->[androidx.profileinstaller:profileinstaller:1.3.0] AndroidManifest.xml:46:13-48:29
148                <action android:name="androidx.profileinstaller.action.SAVE_PROFILE" />
148-->[androidx.profileinstaller:profileinstaller:1.3.0] AndroidManifest.xml:47:17-88
148-->[androidx.profileinstaller:profileinstaller:1.3.0] AndroidManifest.xml:47:25-85
149            </intent-filter>
150            <intent-filter>
150-->[androidx.profileinstaller:profileinstaller:1.3.0] AndroidManifest.xml:49:13-51:29
151                <action android:name="androidx.profileinstaller.action.BENCHMARK_OPERATION" />
151-->[androidx.profileinstaller:profileinstaller:1.3.0] AndroidManifest.xml:50:17-95
151-->[androidx.profileinstaller:profileinstaller:1.3.0] AndroidManifest.xml:50:25-92
152            </intent-filter>
153        </receiver>
154    </application>
155
156</manifest>